[19284:14648:0802/232213.780:INFO:CONSOLE(73)] "BSSO Telemetry: {"result":"Error","error":"NoExtension","type":"ChromeSsoTelemetry","data":{},"traces":["BrowserSSO Initialized","Creating ChromeBrowserCore provider","Sending message for method CreateProviderAsync","Received message for method CreateProviderAsync","Error: ChromeBrowserCore error NoExtension: Extension is not installed."]}", source: https://login.microsoftonline.com/3048dc87-43f0-4100-9acb-ae1971c79395/oauth2/authorize?client_id=00000003-0000-0ff1-ce00-000000000000&response_mode=form_post&protectedtoken=true&response_type=code%20id_token&resource=00000003-0000-0ff1-ce00-000000000000&scope=openid&nonce=6BF57CF307B209B6967A9FCAB2C2BE96C23BFAC0194CFDC1-35C018F2DCACF5AC22E39963CB941C7DE96A3D087462B577E64FA573342167C1&redirect_uri=https%3A%2F%2Feverisgroup.sharepoint.com%2F_forms%2Fdefault.aspx&claims=%7B%22id_token%22%3A%7B%22xms_cc%22%3A%7B%22values%22%3A%5B%22CP1%22%5D%7D%7D%7D&wsucxt=1&cobrandid=11bd8083-87e0-41b5-bb78-0bc43c8a8e8a&client-request-id=e6bfe19f-7036-3000-0352-a9cc3abc689e (73)
[19284:14648:0802/232215.105:INFO:CONSOLE(1)] "Slow network is detected. See https://www.chromestatus.com/feature/5636954674692096 for more details. Fallback font will be used while loading: https://fonts.gstatic.com/s/materialicons/v94/flUhRq6tzZclQEJ-Vdg-IuiaDsNcIhQ8tQ.woff2", source: https://d1mvz0p54xwqqm.cloudfront.net/main-es2015.4a3d81a59e068dfaa2fe.js (1)
[19284:14648:0802/232215.720:INFO:CONSOLE(1)] "Deprecation warning: value provided is not in a recognized RFC2822 or ISO format. moment construction falls back to js Date(), which is not reliable across all browsers and versions. Non RFC2822/ISO date formats are discouraged. Please refer to http://momentjs.com/guides/#/warnings/js-date/ for more info.
Arguments: 
[0] _isAMomentObject: true, _isUTC: false, _useUTC: false, _l: undefined, _i: 2021-8-1 12:00, _f: undefined, _strict: undefined, _locale: [object Object]
Error
    at Function.createFromInputFallback (https://d1mvz0p54xwqqm.cloudfront.net/main-es2015.4a3d81a59e068dfaa2fe.js:1:2179139)
    at https://d1mvz0p54xwqqm.cloudfront.net/main-es2015.4a3d81a59e068dfaa2fe.js:1:2199191
    at https://d1mvz0p54xwqqm.cloudfront.net/main-es2015.4a3d81a59e068dfaa2fe.js:1:2199242
    at ke (https://d1mvz0p54xwqqm.cloudfront.net/main-es2015.4a3d81a59e068dfaa2fe.js:1:2199546)
    at Se (https://d1mvz0p54xwqqm.cloudfront.net/main-es2015.4a3d81a59e068dfaa2fe.js:1:2199807)
    at Ce (https://d1mvz0p54xwqqm.cloudfront.net/main-es2015.4a3d81a59e068dfaa2fe.js:1:2199889)
    at s (https://d1mvz0p54xwqqm.cloudfront.net/main-es2015.4a3d81a59e068dfaa2fe.js:1:2176064)
    at t.isFutureDate (https://d1mvz0p54xwqqm.cloudfront.net/main-es2015.4a3d81a59e068dfaa2fe.js:1:1266403)
    at t.isFutureDate (https://d1mvz0p54xwqqm.cloudfront.net/main-es2015.4a3d81a59e068dfaa2fe.js:1:2278548)
    at t.itsGray (https://d1mvz0p54xwqqm.cloudfront.net/main-es2015.4a3d81a59e068dfaa2fe.js:1:2278770)", source: https://d1mvz0p54xwqqm.cloudfront.net/main-es2015.4a3d81a59e068dfaa2fe.js (1)
[19284:14648:0802/232217.374:INFO:CONSOLE(0)] "[DOM] Input elements should have autocomplete attributes (suggested: "current-password"): (More info: https://goo.gl/9p2vKq) %o", source: https://d1mvz0p54xwqqm.cloudfront.net/#/entrar (0)
[19284:14648:0802/232217.913:ERROR:device_event_log_impl.cc(214)] [23:22:17.913] USB: usb_device_handle_win.cc:1048 Failed to read descriptor from node connection: Um dispositivo conectado ao sistema não está funcionando. (0x1F)
[19284:14648:0802/232217.917:ERROR:device_event_log_impl.cc(214)] [23:22:17.917] USB: usb_device_handle_win.cc:1048 Failed to read descriptor from node connection: Um dispositivo conectado ao sistema não está funcionando. (0x1F)
[19284:14648:0802/232217.918:ERROR:device_event_log_impl.cc(214)] [23:22:17.918] USB: usb_device_handle_win.cc:1048 Failed to read descriptor from node connection: Um dispositivo conectado ao sistema não está funcionando. (0x1F)
[19284:14648:0802/232238.137:WARNING:pref_notifier_impl.cc(40)] Pref observer for media_router.cast_allow_all_ips found at shutdown.
